<?xml version="1.0" encoding="UTF-8"?>
<testsuite xmlns:xsi="http://www.w3.org/2001/XMLSchema-instance" xsi:noNamespaceSchemaLocation="https://maven.apache.org/surefire/maven-surefire-plugin/xsd/surefire-test-report.xsd" name="com.cssl.Demo2ApplicationTests" time="6.319" tests="1" errors="0" skipped="0" failures="0">
  <properties>
    <property name="sun.desktop" value="windows"/>
    <property name="awt.toolkit" value="sun.awt.windows.WToolkit"/>
    <property name="file.encoding.pkg" value="sun.io"/>
    <property name="java.specification.version" value="1.8"/>
    <property name="sun.cpu.isalist" value="amd64"/>
    <property name="sun.jnu.encoding" value="GBK"/>
    <property name="java.class.path" value="E:\Y2\demo2\target\test-classes;E:\Y2\demo2\target\classes;E:\Y2\Maven\MavenHJ\repository\org\springframework\boot\spring-boot-starter-thymeleaf\2.3.3.RELEASE\spring-boot-starter-thymeleaf-2.3.3.RELEASE.jar;E:\Y2\Maven\MavenHJ\repository\org\springframework\boot\spring-boot-starter\2.3.3.RELEASE\spring-boot-starter-2.3.3.RELEASE.jar;E:\Y2\Maven\MavenHJ\repository\org\springframework\boot\spring-boot-starter-logging\2.3.3.RELEASE\spring-boot-starter-logging-2.3.3.RELEASE.jar;E:\Y2\Maven\MavenHJ\repository\ch\qos\logback\logback-classic\1.2.3\logback-classic-1.2.3.jar;E:\Y2\Maven\MavenHJ\repository\ch\qos\logback\logback-core\1.2.3\logback-core-1.2.3.jar;E:\Y2\Maven\MavenHJ\repository\org\apache\logging\log4j\log4j-to-slf4j\2.13.3\log4j-to-slf4j-2.13.3.jar;E:\Y2\Maven\MavenHJ\repository\org\apache\logging\log4j\log4j-api\2.13.3\log4j-api-2.13.3.jar;E:\Y2\Maven\MavenHJ\repository\org\slf4j\jul-to-slf4j\1.7.30\jul-to-slf4j-1.7.30.jar;E:\Y2\Maven\MavenHJ\repository\jakarta\annotation\jakarta.annotation-api\1.3.5\jakarta.annotation-api-1.3.5.jar;E:\Y2\Maven\MavenHJ\repository\org\yaml\snakeyaml\1.26\snakeyaml-1.26.jar;E:\Y2\Maven\MavenHJ\repository\org\thymeleaf\thymeleaf-spring5\3.0.11.RELEASE\thymeleaf-spring5-3.0.11.RELEASE.jar;E:\Y2\Maven\MavenHJ\repository\org\thymeleaf\thymeleaf\3.0.11.RELEASE\thymeleaf-3.0.11.RELEASE.jar;E:\Y2\Maven\MavenHJ\repository\org\attoparser\attoparser\2.0.5.RELEASE\attoparser-2.0.5.RELEASE.jar;E:\Y2\Maven\MavenHJ\repository\org\unbescape\unbescape\1.1.6.RELEASE\unbescape-1.1.6.RELEASE.jar;E:\Y2\Maven\MavenHJ\repository\org\slf4j\slf4j-api\1.7.30\slf4j-api-1.7.30.jar;E:\Y2\Maven\MavenHJ\repository\org\thymeleaf\extras\thymeleaf-extras-java8time\3.0.4.RELEASE\thymeleaf-extras-java8time-3.0.4.RELEASE.jar;E:\Y2\Maven\MavenHJ\repository\org\springframework\boot\spring-boot-starter-web\2.3.3.RELEASE\spring-boot-starter-web-2.3.3.RELEASE.jar;E:\Y2\Maven\MavenHJ\repository\org\springframework\boot\spring-boot-starter-json\2.3.3.RELEASE\spring-boot-starter-json-2.3.3.RELEASE.jar;E:\Y2\Maven\MavenHJ\repository\com\fasterxml\jackson\core\jackson-databind\2.11.2\jackson-databind-2.11.2.jar;E:\Y2\Maven\MavenHJ\repository\com\fasterxml\jackson\core\jackson-annotations\2.11.2\jackson-annotations-2.11.2.jar;E:\Y2\Maven\MavenHJ\repository\com\fasterxml\jackson\core\jackson-core\2.11.2\jackson-core-2.11.2.jar;E:\Y2\Maven\MavenHJ\repository\com\fasterxml\jackson\datatype\jackson-datatype-jdk8\2.11.2\jackson-datatype-jdk8-2.11.2.jar;E:\Y2\Maven\MavenHJ\repository\com\fasterxml\jackson\datatype\jackson-datatype-jsr310\2.11.2\jackson-datatype-jsr310-2.11.2.jar;E:\Y2\Maven\MavenHJ\repository\com\fasterxml\jackson\module\jackson-module-parameter-names\2.11.2\jackson-module-parameter-names-2.11.2.jar;E:\Y2\Maven\MavenHJ\repository\org\springframework\boot\spring-boot-starter-tomcat\2.3.3.RELEASE\spring-boot-starter-tomcat-2.3.3.RELEASE.jar;E:\Y2\Maven\MavenHJ\repository\org\apache\tomcat\embed\tomcat-embed-core\9.0.37\tomcat-embed-core-9.0.37.jar;E:\Y2\Maven\MavenHJ\repository\org\glassfish\jakarta.el\3.0.3\jakarta.el-3.0.3.jar;E:\Y2\Maven\MavenHJ\repository\org\apache\tomcat\embed\tomcat-embed-websocket\9.0.37\tomcat-embed-websocket-9.0.37.jar;E:\Y2\Maven\MavenHJ\repository\org\springframework\spring-web\5.2.8.RELEASE\spring-web-5.2.8.RELEASE.jar;E:\Y2\Maven\MavenHJ\repository\org\springframework\spring-beans\5.2.8.RELEASE\spring-beans-5.2.8.RELEASE.jar;E:\Y2\Maven\MavenHJ\repository\org\springframework\spring-webmvc\5.2.8.RELEASE\spring-webmvc-5.2.8.RELEASE.jar;E:\Y2\Maven\MavenHJ\repository\org\springframework\spring-aop\5.2.8.RELEASE\spring-aop-5.2.8.RELEASE.jar;E:\Y2\Maven\MavenHJ\repository\org\springframework\spring-context\5.2.8.RELEASE\spring-context-5.2.8.RELEASE.jar;E:\Y2\Maven\MavenHJ\repository\org\springframework\spring-expression\5.2.8.RELEASE\spring-expression-5.2.8.RELEASE.jar;E:\Y2\Maven\MavenHJ\repository\org\mybatis\spring\boot\mybatis-spring-boot-starter\2.1.3\mybatis-spring-boot-starter-2.1.3.jar;E:\Y2\Maven\MavenHJ\repository\org\springframework\boot\spring-boot-starter-jdbc\2.3.3.RELEASE\spring-boot-starter-jdbc-2.3.3.RELEASE.jar;E:\Y2\Maven\MavenHJ\repository\com\zaxxer\HikariCP\3.4.5\HikariCP-3.4.5.jar;E:\Y2\Maven\MavenHJ\repository\org\springframework\spring-jdbc\5.2.8.RELEASE\spring-jdbc-5.2.8.RELEASE.jar;E:\Y2\Maven\MavenHJ\repository\org\springframework\spring-tx\5.2.8.RELEASE\spring-tx-5.2.8.RELEASE.jar;E:\Y2\Maven\MavenHJ\repository\org\mybatis\spring\boot\mybatis-spring-boot-autoconfigure\2.1.3\mybatis-spring-boot-autoconfigure-2.1.3.jar;E:\Y2\Maven\MavenHJ\repository\org\mybatis\mybatis\3.5.5\mybatis-3.5.5.jar;E:\Y2\Maven\MavenHJ\repository\org\mybatis\mybatis-spring\2.0.5\mybatis-spring-2.0.5.jar;E:\Y2\Maven\MavenHJ\repository\org\springframework\boot\spring-boot-devtools\2.3.3.RELEASE\spring-boot-devtools-2.3.3.RELEASE.jar;E:\Y2\Maven\MavenHJ\repository\org\springframework\boot\spring-boot\2.3.3.RELEASE\spring-boot-2.3.3.RELEASE.jar;E:\Y2\Maven\MavenHJ\repository\org\springframework\boot\spring-boot-autoconfigure\2.3.3.RELEASE\spring-boot-autoconfigure-2.3.3.RELEASE.jar;E:\Y2\Maven\MavenHJ\repository\com\github\pagehelper\pagehelper-spring-boot-starter\1.3.0\pagehelper-spring-boot-starter-1.3.0.jar;E:\Y2\Maven\MavenHJ\repository\com\github\pagehelper\pagehelper-spring-boot-autoconfigure\1.3.0\pagehelper-spring-boot-autoconfigure-1.3.0.jar;E:\Y2\Maven\MavenHJ\repository\com\github\pagehelper\pagehelper\5.2.0\pagehelper-5.2.0.jar;E:\Y2\Maven\MavenHJ\repository\com\github\jsqlparser\jsqlparser\3.2\jsqlparser-3.2.jar;E:\Y2\Maven\MavenHJ\repository\com\github\ulisesbocchio\jasypt-spring-boot-starter\2.0.0\jasypt-spring-boot-starter-2.0.0.jar;E:\Y2\Maven\MavenHJ\repository\com\github\ulisesbocchio\jasypt-spring-boot\2.0.0\jasypt-spring-boot-2.0.0.jar;E:\Y2\Maven\MavenHJ\repository\org\jasypt\jasypt\1.9.2\jasypt-1.9.2.jar;E:\Y2\Maven\MavenHJ\repository\mysql\mysql-connector-java\8.0.21\mysql-connector-java-8.0.21.jar;E:\Y2\Maven\MavenHJ\repository\org\projectlombok\lombok\1.18.12\lombok-1.18.12.jar;E:\Y2\Maven\MavenHJ\repository\org\springframework\boot\spring-boot-starter-test\2.3.3.RELEASE\spring-boot-starter-test-2.3.3.RELEASE.jar;E:\Y2\Maven\MavenHJ\repository\org\springframework\boot\spring-boot-test\2.3.3.RELEASE\spring-boot-test-2.3.3.RELEASE.jar;E:\Y2\Maven\MavenHJ\repository\org\springframework\boot\spring-boot-test-autoconfigure\2.3.3.RELEASE\spring-boot-test-autoconfigure-2.3.3.RELEASE.jar;E:\Y2\Maven\MavenHJ\repository\com\jayway\jsonpath\json-path\2.4.0\json-path-2.4.0.jar;E:\Y2\Maven\MavenHJ\repository\net\minidev\json-smart\2.3\json-smart-2.3.jar;E:\Y2\Maven\MavenHJ\repository\net\minidev\accessors-smart\1.2\accessors-smart-1.2.jar;E:\Y2\Maven\MavenHJ\repository\org\ow2\asm\asm\5.0.4\asm-5.0.4.jar;E:\Y2\Maven\MavenHJ\repository\jakarta\xml\bind\jakarta.xml.bind-api\2.3.3\jakarta.xml.bind-api-2.3.3.jar;E:\Y2\Maven\MavenHJ\repository\jakarta\activation\jakarta.activation-api\1.2.2\jakarta.activation-api-1.2.2.jar;E:\Y2\Maven\MavenHJ\repository\org\assertj\assertj-core\3.16.1\assertj-core-3.16.1.jar;E:\Y2\Maven\MavenHJ\repository\org\hamcrest\hamcrest\2.2\hamcrest-2.2.jar;E:\Y2\Maven\MavenHJ\repository\org\junit\jupiter\junit-jupiter\5.6.2\junit-jupiter-5.6.2.jar;E:\Y2\Maven\MavenHJ\repository\org\junit\jupiter\junit-jupiter-api\5.6.2\junit-jupiter-api-5.6.2.jar;E:\Y2\Maven\MavenHJ\repository\org\apiguardian\apiguardian-api\1.1.0\apiguardian-api-1.1.0.jar;E:\Y2\Maven\MavenHJ\repository\org\opentest4j\opentest4j\1.2.0\opentest4j-1.2.0.jar;E:\Y2\Maven\MavenHJ\repository\org\junit\platform\junit-platform-commons\1.6.2\junit-platform-commons-1.6.2.jar;E:\Y2\Maven\MavenHJ\repository\org\junit\jupiter\junit-jupiter-params\5.6.2\junit-jupiter-params-5.6.2.jar;E:\Y2\Maven\MavenHJ\repository\org\junit\jupiter\junit-jupiter-engine\5.6.2\junit-jupiter-engine-5.6.2.jar;E:\Y2\Maven\MavenHJ\repository\org\junit\platform\junit-platform-engine\1.6.2\junit-platform-engine-1.6.2.jar;E:\Y2\Maven\MavenHJ\repository\org\mockito\mockito-core\3.3.3\mockito-core-3.3.3.jar;E:\Y2\Maven\MavenHJ\repository\net\bytebuddy\byte-buddy\1.10.14\byte-buddy-1.10.14.jar;E:\Y2\Maven\MavenHJ\repository\net\bytebuddy\byte-buddy-agent\1.10.14\byte-buddy-agent-1.10.14.jar;E:\Y2\Maven\MavenHJ\repository\org\objenesis\objenesis\2.6\objenesis-2.6.jar;E:\Y2\Maven\MavenHJ\repository\org\mockito\mockito-junit-jupiter\3.3.3\mockito-junit-jupiter-3.3.3.jar;E:\Y2\Maven\MavenHJ\repository\org\skyscreamer\jsonassert\1.5.0\jsonassert-1.5.0.jar;E:\Y2\Maven\MavenHJ\repository\com\vaadin\external\google\android-json\0.0.20131108.vaadin1\android-json-0.0.20131108.vaadin1.jar;E:\Y2\Maven\MavenHJ\repository\org\springframework\spring-core\5.2.8.RELEASE\spring-core-5.2.8.RELEASE.jar;E:\Y2\Maven\MavenHJ\repository\org\springframework\spring-jcl\5.2.8.RELEASE\spring-jcl-5.2.8.RELEASE.jar;E:\Y2\Maven\MavenHJ\repository\org\springframework\spring-test\5.2.8.RELEASE\spring-test-5.2.8.RELEASE.jar;E:\Y2\Maven\MavenHJ\repository\org\xmlunit\xmlunit-core\2.7.0\xmlunit-core-2.7.0.jar;"/>
    <property name="java.vm.vendor" value="Oracle Corporation"/>
    <property name="sun.arch.data.model" value="64"/>
    <property name="user.variant" value=""/>
    <property name="java.vendor.url" value="http://java.oracle.com/"/>
    <property name="user.timezone" value="Asia/Shanghai"/>
    <property name="java.vm.specification.version" value="1.8"/>
    <property name="os.name" value="Windows 8.1"/>
    <property name="user.country" value="CN"/>
    <property name="sun.java.launcher" value="SUN_STANDARD"/>
    <property name="sun.boot.library.path" value="E:\Y2\jdk1.8.0_64\jdk1.8.0_20\jre\bin"/>
    <property name="sun.java.command" value="C:\Users\ADMINI~1\AppData\Local\Temp\surefire6359881527838896021\surefirebooter1213533501229877073.jar C:\Users\Administrator\AppData\Local\Temp\surefire6359881527838896021 2020-08-24T16-57-13_377-jvmRun1 surefire2485252893161883548tmp surefire_04890087296504392432tmp"/>
    <property name="surefire.test.class.path" value="E:\Y2\demo2\target\test-classes;E:\Y2\demo2\target\classes;E:\Y2\Maven\MavenHJ\repository\org\springframework\boot\spring-boot-starter-thymeleaf\2.3.3.RELEASE\spring-boot-starter-thymeleaf-2.3.3.RELEASE.jar;E:\Y2\Maven\MavenHJ\repository\org\springframework\boot\spring-boot-starter\2.3.3.RELEASE\spring-boot-starter-2.3.3.RELEASE.jar;E:\Y2\Maven\MavenHJ\repository\org\springframework\boot\spring-boot-starter-logging\2.3.3.RELEASE\spring-boot-starter-logging-2.3.3.RELEASE.jar;E:\Y2\Maven\MavenHJ\repository\ch\qos\logback\logback-classic\1.2.3\logback-classic-1.2.3.jar;E:\Y2\Maven\MavenHJ\repository\ch\qos\logback\logback-core\1.2.3\logback-core-1.2.3.jar;E:\Y2\Maven\MavenHJ\repository\org\apache\logging\log4j\log4j-to-slf4j\2.13.3\log4j-to-slf4j-2.13.3.jar;E:\Y2\Maven\MavenHJ\repository\org\apache\logging\log4j\log4j-api\2.13.3\log4j-api-2.13.3.jar;E:\Y2\Maven\MavenHJ\repository\org\slf4j\jul-to-slf4j\1.7.30\jul-to-slf4j-1.7.30.jar;E:\Y2\Maven\MavenHJ\repository\jakarta\annotation\jakarta.annotation-api\1.3.5\jakarta.annotation-api-1.3.5.jar;E:\Y2\Maven\MavenHJ\repository\org\yaml\snakeyaml\1.26\snakeyaml-1.26.jar;E:\Y2\Maven\MavenHJ\repository\org\thymeleaf\thymeleaf-spring5\3.0.11.RELEASE\thymeleaf-spring5-3.0.11.RELEASE.jar;E:\Y2\Maven\MavenHJ\repository\org\thymeleaf\thymeleaf\3.0.11.RELEASE\thymeleaf-3.0.11.RELEASE.jar;E:\Y2\Maven\MavenHJ\repository\org\attoparser\attoparser\2.0.5.RELEASE\attoparser-2.0.5.RELEASE.jar;E:\Y2\Maven\MavenHJ\repository\org\unbescape\unbescape\1.1.6.RELEASE\unbescape-1.1.6.RELEASE.jar;E:\Y2\Maven\MavenHJ\repository\org\slf4j\slf4j-api\1.7.30\slf4j-api-1.7.30.jar;E:\Y2\Maven\MavenHJ\repository\org\thymeleaf\extras\thymeleaf-extras-java8time\3.0.4.RELEASE\thymeleaf-extras-java8time-3.0.4.RELEASE.jar;E:\Y2\Maven\MavenHJ\repository\org\springframework\boot\spring-boot-starter-web\2.3.3.RELEASE\spring-boot-starter-web-2.3.3.RELEASE.jar;E:\Y2\Maven\MavenHJ\repository\org\springframework\boot\spring-boot-starter-json\2.3.3.RELEASE\spring-boot-starter-json-2.3.3.RELEASE.jar;E:\Y2\Maven\MavenHJ\repository\com\fasterxml\jackson\core\jackson-databind\2.11.2\jackson-databind-2.11.2.jar;E:\Y2\Maven\MavenHJ\repository\com\fasterxml\jackson\core\jackson-annotations\2.11.2\jackson-annotations-2.11.2.jar;E:\Y2\Maven\MavenHJ\repository\com\fasterxml\jackson\core\jackson-core\2.11.2\jackson-core-2.11.2.jar;E:\Y2\Maven\MavenHJ\repository\com\fasterxml\jackson\datatype\jackson-datatype-jdk8\2.11.2\jackson-datatype-jdk8-2.11.2.jar;E:\Y2\Maven\MavenHJ\repository\com\fasterxml\jackson\datatype\jackson-datatype-jsr310\2.11.2\jackson-datatype-jsr310-2.11.2.jar;E:\Y2\Maven\MavenHJ\repository\com\fasterxml\jackson\module\jackson-module-parameter-names\2.11.2\jackson-module-parameter-names-2.11.2.jar;E:\Y2\Maven\MavenHJ\repository\org\springframework\boot\spring-boot-starter-tomcat\2.3.3.RELEASE\spring-boot-starter-tomcat-2.3.3.RELEASE.jar;E:\Y2\Maven\MavenHJ\repository\org\apache\tomcat\embed\tomcat-embed-core\9.0.37\tomcat-embed-core-9.0.37.jar;E:\Y2\Maven\MavenHJ\repository\org\glassfish\jakarta.el\3.0.3\jakarta.el-3.0.3.jar;E:\Y2\Maven\MavenHJ\repository\org\apache\tomcat\embed\tomcat-embed-websocket\9.0.37\tomcat-embed-websocket-9.0.37.jar;E:\Y2\Maven\MavenHJ\repository\org\springframework\spring-web\5.2.8.RELEASE\spring-web-5.2.8.RELEASE.jar;E:\Y2\Maven\MavenHJ\repository\org\springframework\spring-beans\5.2.8.RELEASE\spring-beans-5.2.8.RELEASE.jar;E:\Y2\Maven\MavenHJ\repository\org\springframework\spring-webmvc\5.2.8.RELEASE\spring-webmvc-5.2.8.RELEASE.jar;E:\Y2\Maven\MavenHJ\repository\org\springframework\spring-aop\5.2.8.RELEASE\spring-aop-5.2.8.RELEASE.jar;E:\Y2\Maven\MavenHJ\repository\org\springframework\spring-context\5.2.8.RELEASE\spring-context-5.2.8.RELEASE.jar;E:\Y2\Maven\MavenHJ\repository\org\springframework\spring-expression\5.2.8.RELEASE\spring-expression-5.2.8.RELEASE.jar;E:\Y2\Maven\MavenHJ\repository\org\mybatis\spring\boot\mybatis-spring-boot-starter\2.1.3\mybatis-spring-boot-starter-2.1.3.jar;E:\Y2\Maven\MavenHJ\repository\org\springframework\boot\spring-boot-starter-jdbc\2.3.3.RELEASE\spring-boot-starter-jdbc-2.3.3.RELEASE.jar;E:\Y2\Maven\MavenHJ\repository\com\zaxxer\HikariCP\3.4.5\HikariCP-3.4.5.jar;E:\Y2\Maven\MavenHJ\repository\org\springframework\spring-jdbc\5.2.8.RELEASE\spring-jdbc-5.2.8.RELEASE.jar;E:\Y2\Maven\MavenHJ\repository\org\springframework\spring-tx\5.2.8.RELEASE\spring-tx-5.2.8.RELEASE.jar;E:\Y2\Maven\MavenHJ\repository\org\mybatis\spring\boot\mybatis-spring-boot-autoconfigure\2.1.3\mybatis-spring-boot-autoconfigure-2.1.3.jar;E:\Y2\Maven\MavenHJ\repository\org\mybatis\mybatis\3.5.5\mybatis-3.5.5.jar;E:\Y2\Maven\MavenHJ\repository\org\mybatis\mybatis-spring\2.0.5\mybatis-spring-2.0.5.jar;E:\Y2\Maven\MavenHJ\repository\org\springframework\boot\spring-boot-devtools\2.3.3.RELEASE\spring-boot-devtools-2.3.3.RELEASE.jar;E:\Y2\Maven\MavenHJ\repository\org\springframework\boot\spring-boot\2.3.3.RELEASE\spring-boot-2.3.3.RELEASE.jar;E:\Y2\Maven\MavenHJ\repository\org\springframework\boot\spring-boot-autoconfigure\2.3.3.RELEASE\spring-boot-autoconfigure-2.3.3.RELEASE.jar;E:\Y2\Maven\MavenHJ\repository\com\github\pagehelper\pagehelper-spring-boot-starter\1.3.0\pagehelper-spring-boot-starter-1.3.0.jar;E:\Y2\Maven\MavenHJ\repository\com\github\pagehelper\pagehelper-spring-boot-autoconfigure\1.3.0\pagehelper-spring-boot-autoconfigure-1.3.0.jar;E:\Y2\Maven\MavenHJ\repository\com\github\pagehelper\pagehelper\5.2.0\pagehelper-5.2.0.jar;E:\Y2\Maven\MavenHJ\repository\com\github\jsqlparser\jsqlparser\3.2\jsqlparser-3.2.jar;E:\Y2\Maven\MavenHJ\repository\com\github\ulisesbocchio\jasypt-spring-boot-starter\2.0.0\jasypt-spring-boot-starter-2.0.0.jar;E:\Y2\Maven\MavenHJ\repository\com\github\ulisesbocchio\jasypt-spring-boot\2.0.0\jasypt-spring-boot-2.0.0.jar;E:\Y2\Maven\MavenHJ\repository\org\jasypt\jasypt\1.9.2\jasypt-1.9.2.jar;E:\Y2\Maven\MavenHJ\repository\mysql\mysql-connector-java\8.0.21\mysql-connector-java-8.0.21.jar;E:\Y2\Maven\MavenHJ\repository\org\projectlombok\lombok\1.18.12\lombok-1.18.12.jar;E:\Y2\Maven\MavenHJ\repository\org\springframework\boot\spring-boot-starter-test\2.3.3.RELEASE\spring-boot-starter-test-2.3.3.RELEASE.jar;E:\Y2\Maven\MavenHJ\repository\org\springframework\boot\spring-boot-test\2.3.3.RELEASE\spring-boot-test-2.3.3.RELEASE.jar;E:\Y2\Maven\MavenHJ\repository\org\springframework\boot\spring-boot-test-autoconfigure\2.3.3.RELEASE\spring-boot-test-autoconfigure-2.3.3.RELEASE.jar;E:\Y2\Maven\MavenHJ\repository\com\jayway\jsonpath\json-path\2.4.0\json-path-2.4.0.jar;E:\Y2\Maven\MavenHJ\repository\net\minidev\json-smart\2.3\json-smart-2.3.jar;E:\Y2\Maven\MavenHJ\repository\net\minidev\accessors-smart\1.2\accessors-smart-1.2.jar;E:\Y2\Maven\MavenHJ\repository\org\ow2\asm\asm\5.0.4\asm-5.0.4.jar;E:\Y2\Maven\MavenHJ\repository\jakarta\xml\bind\jakarta.xml.bind-api\2.3.3\jakarta.xml.bind-api-2.3.3.jar;E:\Y2\Maven\MavenHJ\repository\jakarta\activation\jakarta.activation-api\1.2.2\jakarta.activation-api-1.2.2.jar;E:\Y2\Maven\MavenHJ\repository\org\assertj\assertj-core\3.16.1\assertj-core-3.16.1.jar;E:\Y2\Maven\MavenHJ\repository\org\hamcrest\hamcrest\2.2\hamcrest-2.2.jar;E:\Y2\Maven\MavenHJ\repository\org\junit\jupiter\junit-jupiter\5.6.2\junit-jupiter-5.6.2.jar;E:\Y2\Maven\MavenHJ\repository\org\junit\jupiter\junit-jupiter-api\5.6.2\junit-jupiter-api-5.6.2.jar;E:\Y2\Maven\MavenHJ\repository\org\apiguardian\apiguardian-api\1.1.0\apiguardian-api-1.1.0.jar;E:\Y2\Maven\MavenHJ\repository\org\opentest4j\opentest4j\1.2.0\opentest4j-1.2.0.jar;E:\Y2\Maven\MavenHJ\repository\org\junit\platform\junit-platform-commons\1.6.2\junit-platform-commons-1.6.2.jar;E:\Y2\Maven\MavenHJ\repository\org\junit\jupiter\junit-jupiter-params\5.6.2\junit-jupiter-params-5.6.2.jar;E:\Y2\Maven\MavenHJ\repository\org\junit\jupiter\junit-jupiter-engine\5.6.2\junit-jupiter-engine-5.6.2.jar;E:\Y2\Maven\MavenHJ\repository\org\junit\platform\junit-platform-engine\1.6.2\junit-platform-engine-1.6.2.jar;E:\Y2\Maven\MavenHJ\repository\org\mockito\mockito-core\3.3.3\mockito-core-3.3.3.jar;E:\Y2\Maven\MavenHJ\repository\net\bytebuddy\byte-buddy\1.10.14\byte-buddy-1.10.14.jar;E:\Y2\Maven\MavenHJ\repository\net\bytebuddy\byte-buddy-agent\1.10.14\byte-buddy-agent-1.10.14.jar;E:\Y2\Maven\MavenHJ\repository\org\objenesis\objenesis\2.6\objenesis-2.6.jar;E:\Y2\Maven\MavenHJ\repository\org\mockito\mockito-junit-jupiter\3.3.3\mockito-junit-jupiter-3.3.3.jar;E:\Y2\Maven\MavenHJ\repository\org\skyscreamer\jsonassert\1.5.0\jsonassert-1.5.0.jar;E:\Y2\Maven\MavenHJ\repository\com\vaadin\external\google\android-json\0.0.20131108.vaadin1\android-json-0.0.20131108.vaadin1.jar;E:\Y2\Maven\MavenHJ\repository\org\springframework\spring-core\5.2.8.RELEASE\spring-core-5.2.8.RELEASE.jar;E:\Y2\Maven\MavenHJ\repository\org\springframework\spring-jcl\5.2.8.RELEASE\spring-jcl-5.2.8.RELEASE.jar;E:\Y2\Maven\MavenHJ\repository\org\springframework\spring-test\5.2.8.RELEASE\spring-test-5.2.8.RELEASE.jar;E:\Y2\Maven\MavenHJ\repository\org\xmlunit\xmlunit-core\2.7.0\xmlunit-core-2.7.0.jar;"/>
    <property name="sun.cpu.endian" value="little"/>
    <property name="user.home" value="C:\Users\Administrator"/>
    <property name="user.language" value="zh"/>
    <property name="java.specification.vendor" value="Oracle Corporation"/>
    <property name="java.home" value="E:\Y2\jdk1.8.0_64\jdk1.8.0_20\jre"/>
    <property name="basedir" value="E:\Y2\demo2"/>
    <property name="file.separator" value="\"/>
    <property name="line.separator" value="&#10;"/>
    <property name="java.vm.specification.vendor" value="Oracle Corporation"/>
    <property name="java.specification.name" value="Java Platform API Specification"/>
    <property name="java.awt.graphicsenv" value="sun.awt.Win32GraphicsEnvironment"/>
    <property name="surefire.real.class.path" value="C:\Users\ADMINI~1\AppData\Local\Temp\surefire6359881527838896021\surefirebooter1213533501229877073.jar"/>
    <property name="sun.boot.class.path" value="E:\Y2\jdk1.8.0_64\jdk1.8.0_20\jre\lib\resources.jar;E:\Y2\jdk1.8.0_64\jdk1.8.0_20\jre\lib\rt.jar;E:\Y2\jdk1.8.0_64\jdk1.8.0_20\jre\lib\sunrsasign.jar;E:\Y2\jdk1.8.0_64\jdk1.8.0_20\jre\lib\jsse.jar;E:\Y2\jdk1.8.0_64\jdk1.8.0_20\jre\lib\jce.jar;E:\Y2\jdk1.8.0_64\jdk1.8.0_20\jre\lib\charsets.jar;E:\Y2\jdk1.8.0_64\jdk1.8.0_20\jre\lib\jfr.jar;E:\Y2\jdk1.8.0_64\jdk1.8.0_20\jre\classes"/>
    <property name="user.script" value=""/>
    <property name="sun.management.compiler" value="HotSpot 64-Bit Tiered Compilers"/>
    <property name="java.runtime.version" value="1.8.0_20-b26"/>
    <property name="user.name" value="jims"/>
    <property name="path.separator" value=";"/>
    <property name="os.version" value="6.3"/>
    <property name="java.endorsed.dirs" value="E:\Y2\jdk1.8.0_64\jdk1.8.0_20\jre\lib\endorsed"/>
    <property name="java.runtime.name" value="Java(TM) SE Runtime Environment"/>
    <property name="file.encoding" value="GBK"/>
    <property name="java.vm.name" value="Java HotSpot(TM) 64-Bit Server VM"/>
    <property name="idea.version2020.1" value="true"/>
    <property name="localRepository" value="E:\Y2\Maven\MavenHJ\repository"/>
    <property name="java.vendor.url.bug" value="http://bugreport.sun.com/bugreport/"/>
    <property name="java.io.tmpdir" value="C:\Users\ADMINI~1\AppData\Local\Temp\"/>
    <property name="java.version" value="1.8.0_20"/>
    <property name="user.dir" value="E:\Y2\demo2"/>
    <property name="os.arch" value="amd64"/>
    <property name="java.vm.specification.name" value="Java Virtual Machine Specification"/>
    <property name="java.awt.printerjob" value="sun.awt.windows.WPrinterJob"/>
    <property name="sun.os.patch.level" value=""/>
    <property name="java.library.path" value="E:\Y2\jdk1.8.0_64\jdk1.8.0_20\jre\bin;C:\WINDOWS\Sun\Java\bin;C:\WINDOWS\system32;C:\WINDOWS;E:\myeclipse-2014\jdk1.8.0_20\bin;E:\myeclipse-2014\jdk1.8.0_20\jre\bin;E:\app\jims\product\11.2.0\dbhome_1\bin;D:\app\jims\product\11.2.0\dbhome_1\bin;C:\Program Files (x86)\Common Files\Oracle\Java\javapath;C:\WINDOWS\system32;C:\WINDOWS;C:\WINDOWS\System32\Wbem;C:\WINDOWS\System32\WindowsPowerShell\v1.0\;C:\WINDOWS\System32\OpenSSH\;C:\Program Files (x86)\Microsoft SQL Server\100\Tools\Binn\;C:\Program Files\Microsoft SQL Server\100\Tools\Binn\;C:\Program Files\Microsoft SQL Server\100\DTS\Binn\;C:\Program Files (x86)\Microsoft SQL Server\100\Tools\Binn\VSShell\Common7\IDE\;C:\Program Files (x86)\Microsoft Visual Studio 9.0\Common7\IDE\PrivateAssemblies\;C:\Program Files (x86)\Microsoft SQL Server\100\DTS\Binn\;C:\WINDOWS\system32\config\systemprofile\.dnx\bin;C:\Program Files\Microsoft DNX\Dnvm\;E:\python\Scripts\;E:\python\;%USERPROFILE%\AppData\Local\Microsoft\WindowsApps;;."/>
    <property name="java.vm.info" value="mixed mode"/>
    <property name="java.vendor" value="Oracle Corporation"/>
    <property name="java.vm.version" value="25.20-b23"/>
    <property name="java.ext.dirs" value="E:\Y2\jdk1.8.0_64\jdk1.8.0_20\jre\lib\ext;C:\WINDOWS\Sun\Java\lib\ext"/>
    <property name="sun.io.unicode.encoding" value="UnicodeLittle"/>
    <property name="java.class.version" value="52.0"/>
  </properties>
  <testcase name="contextLoads" classname="com.cssl.Demo2ApplicationTests" time="0.273"/>
</testsuite>